{"level":"info","message":"setup db"}
{"level":"warn"}
{"level":"info","message":"setup db"}
{"level":"info","message":"setup db"}
{"level":"info","message":"setup router"}
{"level":"info","message":"running server"}
{"level":"info","message":"setup db"}
{"level":"info","message":"setup router"}
{"level":"info","message":"running server"}
{"level":"info","message":"controller find all regionals"}
{"level":"info","message":"setup db"}
{"level":"info","message":"setup db"}
{"level":"info","message":"setup router"}
{"level":"info","message":"running server"}
{"level":"info","message":"setup db"}
{"level":"info","message":"setup router"}
{"level":"info","message":"running server"}
{"level":"info","message":"setup db"}
{"level":"info","message":"setup router"}
{"level":"info","message":"running server"}
{"level":"info","message":"setup db"}
{"level":"info","message":"setup router"}
{"level":"info","message":"running server"}
{"level":"info","message":"setup db"}
{"level":"info","message":"setup router"}
{"level":"info","message":"running server"}
{"level":"info","message":"setup db"}
{"level":"info","message":"setup router"}
{"level":"info","message":"running server"}
{"level":"info","message":"setup db"}
{"level":"info","message":"setup router"}
{"level":"info","message":"running server"}
{"level":"info","message":"setup db"}
{"level":"info","message":"setup router"}
{"level":"info","message":"running server"}
{"level":"info","message":"setup db"}
{"level":"info","message":"setup router"}
{"level":"info","message":"running server"}
{"level":"info","message":"setup db"}
{"level":"info","message":"setup router"}
{"level":"info","message":"running server"}
{"level":"info","message":"setup db"}
{"level":"info","message":"setup router"}
{"level":"info","message":"running server"}
{"level":"info","message":"setup db"}
{"level":"info","message":"setup router"}
{"level":"info","message":"running server"}
{"level":"info","message":"setup db"}
{"level":"info","message":"setup router"}
{"level":"info","message":"running server"}
{"level":"info","message":"setup db"}
{"level":"info","message":"setup router"}
{"level":"info","message":"running server"}
{"level":"info","message":"setup db"}
{"level":"info","message":"setup router"}
{"level":"info","message":"running server"}
{"level":"info","message":"setup db"}
{"level":"info","message":"setup router"}
{"level":"info","message":"running server"}
{"level":"info","message":"setup db"}
{"level":"info","message":"setup router"}
{"level":"info","message":"running server"}
{"level":"info","message":"setup db"}
{"level":"info","message":"setup router"}
{"level":"info","message":"running server"}
{"level":"info","message":"setup db"}
{"level":"info","message":"setup router"}
{"level":"info","message":"running server"}
{"level":"info","message":"setup db"}
{"level":"info","message":"setup router"}
{"level":"info","message":"running server"}
{"level":"info","message":"setup db"}
{"level":"info","message":"setup router"}
{"level":"info","message":"running server"}
{"level":"info","message":"setup db"}
{"level":"info","message":"setup router"}
{"level":"info","message":"running server"}
{"level":"info","message":"setup db"}
{"level":"info","message":"setup router"}
{"level":"info","message":"running server"}
{"level":"info","message":"setup db"}
{"level":"info","message":"setup router"}
{"level":"info","message":"running server"}
{"level":"info","message":"setup db"}
{"level":"info","message":"setup router"}
{"level":"info","message":"running server"}
{"level":"info","message":"setup db"}
{"level":"info","message":"setup router"}
{"level":"info","message":"running server"}
{"level":"info","message":"setup db"}
{"level":"info","message":"setup router"}
{"level":"info","message":"running server"}
{"level":"info","message":"controller find all status"}
{"level":"info","message":"setup db"}
{"level":"info","message":"setup router"}
{"level":"info","message":"running server"}
{"level":"info","message":"controller find all status"}
{"level":"info","message":"setup db"}
{"level":"info","message":"setup router"}
{"level":"info","message":"running server"}
{"level":"info","message":"controller find all regionals"}
{"level":"info","message":"setup db"}
{"level":"info","message":"setup router"}
{"level":"info","message":"running server"}
{"level":"info","message":"controller find all status"}
{"level":"info","message":"setup db"}
{"level":"info","message":"setup router"}
{"level":"info","message":"running server"}
{"level":"info","message":"setup db"}
{"level":"info","message":"setup router"}
{"level":"info","message":"running server"}
{"level":"info","message":"setup db"}
{"level":"info","message":"setup router"}
{"level":"info","message":"running server"}
{"level":"info","message":"controller find all regionals"}
{"level":"info","message":"setup db"}
{"level":"info","message":"setup router"}
{"level":"info","message":"running server"}
{"level":"info","message":"controller find all regionals"}
{"level":"info","message":"setup db"}
{"level":"info","message":"setup router"}
{"level":"info","message":"running server"}
{"level":"info","message":"controller find all regionals"}
{"level":"info","message":"setup db"}
{"level":"info","message":"setup router"}
{"level":"info","message":"running server"}
{"level":"info","message":"controller find all regionals"}
{"level":"info","message":"setup db"}
{"level":"info","message":"setup router"}
{"level":"info","message":"running server"}
{"level":"info","message":"setup db"}
{"level":"info","message":"setup router"}
{"level":"info","message":"running server"}
{"level":"info","message":"controller find all regionals"}
{"level":"info","message":"setup db"}
{"level":"info","message":"setup router"}
{"level":"info","message":"running server"}
{"level":"info","message":"controller find all regionals"}
{"level":"info","message":"controller find all regionals"}
{"level":"info","message":"controller find all regionals"}
{"level":"info","message":"setup db"}
{"level":"info","message":"setup router"}
{"level":"info","message":"running server"}
{"level":"info","message":"controller find all status"}
{"level":"info","message":"controller find all regionals"}
{"level":"info","message":"setup db"}
{"level":"info","message":"setup router"}
{"level":"info","message":"running server"}
{"level":"info","message":"controller find all status"}
{"level":"info","message":"controller find all status"}
{"level":"info","message":"setup db"}
{"level":"info","message":"setup router"}
{"level":"info","message":"running server"}
{"level":"info","message":"controller find all status"}
{"level":"info","message":"controller find by id status"}
{"level":"info","message":"controller find by id status"}
{"level":"info","message":"controller find by id status"}
{"level":"info","message":"controller find all status"}
{"level":"info","message":"controller find by id status"}
{"level":"info","message":"controller find by id status"}
{"level":"info","message":"controller find all status"}
{"level":"info","message":"controller find by id status"}
{"level":"info","message":"controller find by id status"}
{"level":"info","message":"setup db"}
{"level":"info","message":"setup router"}
{"level":"info","message":"running server"}
{"level":"info","message":"setup db"}
{"level":"info","message":"setup router"}
{"level":"info","message":"running server"}
{"level":"info","message":"setup db"}
{"level":"info","message":"setup router"}
{"level":"info","message":"running server"}
{"level":"info","message":"setup db"}
{"level":"info","message":"setup router"}
{"level":"info","message":"running server"}
{"level":"info","message":"setup db"}
{"level":"info","message":"setup router"}
{"level":"info","message":"running server"}
{"level":"info","message":"setup db"}
{"level":"info","message":"setup router"}
{"level":"info","message":"running server"}
{"level":"info","message":"setup db"}
{"level":"info","message":"setup router"}
{"level":"info","message":"running server"}
{"level":"info","message":"setup db"}
{"level":"info","message":"setup router"}
{"level":"info","message":"running server"}
{"level":"info","message":"setup db"}
{"level":"info","message":"setup router"}
{"level":"info","message":"running server"}
{"level":"info","message":"setup db"}
{"level":"info","message":"setup router"}
{"level":"info","message":"running server"}
{"level":"info","message":"setup db"}
{"level":"info","message":"setup router"}
{"level":"info","message":"running server"}
{"level":"info","message":"setup db"}
{"level":"info","message":"setup router"}
{"level":"info","message":"running server"}
{"level":"info","message":"setup db"}
{"level":"info","message":"setup router"}
{"level":"info","message":"running server"}
{"level":"info","message":"setup db"}
{"level":"info","message":"setup router"}
{"level":"info","message":"running server"}
{"level":"info","message":"setup db"}
{"level":"info","message":"setup router"}
{"level":"info","message":"running server"}
{"level":"info","message":"setup db"}
{"level":"info","message":"setup router"}
{"level":"info","message":"running server"}
{"level":"info","message":"setup db"}
{"level":"info","message":"setup router"}
{"level":"info","message":"running server"}
{"level":"info","message":"setup db"}
{"level":"info","message":"setup router"}
{"level":"info","message":"running server"}
{"level":"info","message":"setup db"}
{"level":"info","message":"setup router"}
{"level":"info","message":"running server"}
{"level":"info","message":"setup db"}
{"level":"info","message":"setup router"}
{"level":"info","message":"running server"}
{"level":"info","message":"setup db"}
{"level":"info","message":"setup router"}
{"level":"info","message":"running server"}
{"level":"info","message":"setup db"}
{"level":"info","message":"setup router"}
{"level":"info","message":"running server"}
{"level":"info","message":"setup db"}
{"level":"info","message":"setup router"}
{"level":"info","message":"running server"}
{"level":"info","message":"setup db"}
{"level":"info","message":"setup router"}
{"level":"info","message":"running server"}
{"level":"info","message":"setup db"}
{"level":"info","message":"setup router"}
{"level":"info","message":"running server"}
{"level":"warn","message":{"children":[],"constraints":{"isLength":"status_id must be longer than or equal to 5 characters"},"property":"status_id","target":{"status_id":"1","task_name":"create endpoint save note"},"value":"1"}}
{"level":"warn","message":{"children":[],"constraints":{"isLength":"task_name must be longer than or equal to 5 characters"},"property":"task_name","target":{"status_id":"1","task_name":"note"},"value":"note"}}
{"level":"warn","message":{"children":[],"constraints":{"isLength":"task_name must be longer than or equal to 5 characters"},"property":"task_name","target":{"status_id":"1","task_name":"note"},"value":"note"}}
{"level":"warn","message":{"children":[],"constraints":{"isLength":"task_name must be longer than or equal to 5 characters"},"property":"task_name","target":{"status_id":"1","task_name":"note"},"value":"note"}}
{"level":"warn","message":{"children":[],"constraints":{"isLength":"task_name must be longer than or equal to 5 characters"},"property":"task_name","target":{"status_id":"1","task_name":"note"},"value":"note"}}
{"level":"warn","message":{"children":[],"constraints":{"isLength":"task_name must be longer than or equal to 5 characters"},"property":"task_name","target":{"status_id":"1","task_name":"note"},"value":"note"}}
{"level":"warn","message":{"children":[],"constraints":{"isLength":"task_name must be longer than or equal to 5 characters"},"property":"task_name","target":{"status_id":"1","task_name":"note"},"value":"note"}}
{"level":"warn","message":{"children":[],"constraints":{"isLength":"task_name must be longer than or equal to 5 characters"},"property":"task_name","target":{"status_id":"1","task_name":"note"},"value":"note"}}
{"level":"warn","message":{"children":[],"constraints":{"isLength":"task_name must be longer than or equal to 5 characters"},"property":"task_name","target":{"status_id":"1","task_name":"note"},"value":"note"}}
{"level":"warn","message":{"children":[],"constraints":{"isLength":"task_name must be longer than or equal to 5 characters"},"property":"task_name","target":{"status_id":"1","task_name":"note"},"value":"note"}}
{"level":"warn","message":{"children":[],"constraints":{"isLength":"task_name must be longer than or equal to 5 characters"},"property":"task_name","target":{"status_id":"1","task_name":"note"},"value":"note"}}
{"level":"info","message":"setup db"}
{"level":"info","message":"setup router"}
{"level":"info","message":"running server"}
{"level":"info","message":"setup db"}
{"level":"info","message":"setup router"}
{"level":"info","message":"running server"}
{"level":"info","message":"setup db"}
{"level":"info","message":"setup router"}
{"level":"info","message":"running server"}
{"level":"info","message":"setup db"}
{"level":"info","message":"setup router"}
{"level":"info","message":"running server"}
{"level":"info","message":"controller save note"}
{"level":"info","message":"setup db"}
{"level":"info","message":"setup router"}
{"level":"info","message":"running server"}
{"level":"info","message":"controller save note"}
{"level":"info","message":"setup db"}
{"level":"info","message":"setup router"}
{"level":"info","message":"running server"}
{"level":"info","message":"controller save note"}
{"level":"info","message":"setup db"}
{"level":"info","message":"setup router"}
{"level":"info","message":"running server"}
{"level":"info","message":"controller save note"}
{"level":"info","message":"setup db"}
{"level":"info","message":"setup router"}
{"level":"info","message":"running server"}
{"level":"info","message":"controller save note"}
{"level":"info","message":"controller find all notes"}
{"level":"info","message":"setup db"}
{"level":"info","message":"setup router"}
{"level":"info","message":"running server"}
{"level":"info","message":"controller save note"}
{"level":"info","message":"controller find all notes"}
{"level":"info","message":"setup db"}
{"level":"info","message":"setup router"}
{"level":"info","message":"running server"}
{"level":"info","message":"controller save note"}
{"level":"info","message":"controller find all notes"}
{"level":"info","message":"setup db"}
{"level":"info","message":"setup router"}
{"level":"info","message":"running server"}
{"level":"info","message":"controller save note"}
{"level":"info","message":"controller find all notes"}
{"level":"info","message":"setup db"}
{"level":"info","message":"setup router"}
{"level":"info","message":"running server"}
{"level":"info","message":"controller save note"}
{"level":"info","message":"controller find all notes"}
{"level":"info","message":"setup db"}
{"level":"info","message":"setup router"}
{"level":"info","message":"running server"}
{"level":"info","message":"controller save note"}
{"level":"info","message":"controller find all notes"}
{"level":"info","message":"setup db"}
{"level":"info","message":"setup router"}
{"level":"info","message":"running server"}
{"level":"info","message":"controller save note"}
{"level":"info","message":"controller find note"}
{"level":"info","message":"setup db"}
{"level":"info","message":"setup router"}
{"level":"info","message":"running server"}
{"level":"info","message":"controller find note"}
{"level":"info","message":"controller save note"}
{"level":"info","message":"controller save note"}
{"level":"info","message":"controller save note"}
{"level":"info","message":"controller find all notes"}
{"level":"info","message":"controller save note"}
{"level":"info","message":"controller find note"}
{"level":"info","message":"controller find note"}
{"level":"info","message":"setup db"}
{"level":"info","message":"setup router"}
{"level":"info","message":"running server"}
{"level":"info","message":"setup db"}
{"level":"info","message":"setup router"}
{"level":"info","message":"running server"}
{"level":"info","message":"controller find all status"}
{"level":"info","message":"controller save note"}
{"level":"info","message":"controller find by id status"}
{"level":"info","message":"controller find by id status"}
{"level":"info","message":"controller save note"}
{"level":"info","message":"controller save note"}
{"level":"info","message":"controller find all notes"}
{"level":"info","message":"controller save note"}
{"level":"info","message":"controller find note"}
{"level":"info","message":"controller find note"}
{"level":"info","message":"setup db"}
{"level":"info","message":"setup router"}
{"level":"info","message":"running server"}
{"level":"info","message":"setup db"}
{"level":"info","message":"setup router"}
{"level":"info","message":"running server"}
{"level":"info","message":"setup db"}
{"level":"info","message":"setup router"}
{"level":"info","message":"running server"}
{"level":"info","message":"setup db"}
{"level":"info","message":"setup router"}
{"level":"info","message":"running server"}
{"level":"info","message":"setup db"}
{"level":"info","message":"setup router"}
{"level":"info","message":"running server"}
{"level":"info","message":"setup db"}
{"level":"info","message":"setup router"}
{"level":"info","message":"running server"}
{"level":"info","message":"setup db"}
{"level":"info","message":"setup router"}
{"level":"info","message":"running server"}
{"level":"info","message":"setup db"}
{"level":"info","message":"setup router"}
{"level":"info","message":"running server"}
{"level":"info","message":"setup db"}
{"level":"info","message":"setup router"}
{"level":"info","message":"running server"}
{"level":"info","message":"setup db"}
{"level":"info","message":"setup router"}
{"level":"info","message":"running server"}
{"level":"info","message":"setup db"}
{"level":"info","message":"setup router"}
{"level":"info","message":"running server"}
{"level":"info","message":"setup db"}
{"level":"info","message":"setup router"}
{"level":"info","message":"running server"}
{"level":"info","message":"setup db"}
{"level":"info","message":"setup router"}
{"level":"info","message":"running server"}
{"level":"info","message":"setup db"}
{"level":"info","message":"setup router"}
{"level":"info","message":"running server"}
{"level":"info","message":"setup db"}
{"level":"info","message":"setup router"}
{"level":"info","message":"running server"}
{"level":"info","message":"setup db"}
{"level":"info","message":"setup router"}
{"level":"info","message":"running server"}
{"level":"info","message":"setup db"}
{"level":"info","message":"setup router"}
{"level":"info","message":"running server"}
{"level":"info","message":"setup db"}
{"level":"info","message":"setup router"}
{"level":"info","message":"running server"}
{"level":"info","message":"setup db"}
{"level":"info","message":"setup router"}
{"level":"info","message":"running server"}
{"level":"info","message":"setup db"}
{"level":"info","message":"setup router"}
{"level":"info","message":"running server"}
{"level":"info","message":"controller save note"}
{"level":"info","message":"controller save note"}
{"level":"info","message":"controller find note"}
{"level":"info","message":"setup db"}
{"level":"info","message":"setup router"}
{"level":"info","message":"running server"}
{"level":"info","message":"controller save note"}
{"level":"info","message":"controller save note"}
{"level":"info","message":"controller find note"}
{"level":"info","message":"setup db"}
{"level":"info","message":"setup router"}
{"level":"info","message":"running server"}
{"level":"info","message":"controller save note"}
{"level":"info","message":"setup db"}
{"level":"info","message":"setup router"}
{"level":"info","message":"running server"}
{"level":"info","message":"controller save note"}
{"level":"info","message":"controller save note"}
{"level":"info","message":"controller save note"}
{"level":"info","message":"controller save note"}
{"level":"info","message":"controller save note"}
{"level":"info","message":"controller find note"}
{"level":"info","message":"controller save note"}
{"level":"info","message":"controller save note"}
{"level":"info","message":"controller find all notes"}
{"level":"info","message":"controller save note"}
{"level":"info","message":"controller find note"}
{"level":"info","message":"controller find note"}
{"level":"info","message":"controller save note"}
{"level":"info","message":"controller find all status"}
{"level":"info","message":"controller save note"}
{"level":"info","message":"controller find by id status"}
{"level":"info","message":"controller save note"}
{"level":"info","message":"controller find by id status"}
{"level":"info","message":"setup db"}
{"level":"info","message":"setup router"}
{"level":"info","message":"running server"}
